{"C:\\Users\\USER\\OneDrive\\Escritorio\\full stack\\password\\src\\services\\haveibeenpwned.js": {"path":"C:\\Users\\USER\\OneDrive\\Escritorio\\full stack\\password\\src\\services\\haveibeenpwned.js","statementMap":{"0":{"start":{"line":4,"column":16},"end":{"line":4,"column":55}},"1":{"start":{"line":13,"column":4},"end":{"line":34,"column":5}},"2":{"start":{"line":14,"column":19},"end":{"line":14,"column":52}},"3":{"start":{"line":15,"column":21},"end":{"line":15,"column":37}},"4":{"start":{"line":16,"column":21},"end":{"line":16,"column":34}},"5":{"start":{"line":18,"column":23},"end":{"line":18,"column":57}},"6":{"start":{"line":19,"column":6},"end":{"line":21,"column":7}},"7":{"start":{"line":20,"column":8},"end":{"line":20,"column":80}},"8":{"start":{"line":23,"column":21},"end":{"line":23,"column":56}},"9":{"start":{"line":24,"column":20},"end":{"line":24,"column":64}},"10":{"start":{"line":24,"column":40},"end":{"line":24,"column":63}},"11":{"start":{"line":25,"column":6},"end":{"line":28,"column":7}},"12":{"start":{"line":26,"column":26},"end":{"line":26,"column":42}},"13":{"start":{"line":27,"column":8},"end":{"line":27,"column":35}},"14":{"start":{"line":30,"column":6},"end":{"line":30,"column":15}},"15":{"start":{"line":32,"column":6},"end":{"line":32,"column":74}},"16":{"start":{"line":33,"column":6},"end":{"line":33,"column":71}},"17":{"start":{"line":43,"column":20},"end":{"line":43,"column":37}},"18":{"start":{"line":44,"column":17},"end":{"line":44,"column":41}},"19":{"start":{"line":45,"column":23},"end":{"line":45,"column":64}},"20":{"start":{"line":46,"column":22},"end":{"line":46,"column":60}},"21":{"start":{"line":47,"column":4},"end":{"line":47,"column":86}},"22":{"start":{"line":47,"column":30},"end":{"line":47,"column":61}}},"fnMap":{"0":{"name":"(anonymous_0)","decl":{"start":{"line":12,"column":2},"end":{"line":12,"column":3}},"loc":{"start":{"line":12,"column":39},"end":{"line":35,"column":3}},"line":12},"1":{"name":"(anonymous_1)","decl":{"start":{"line":24,"column":32},"end":{"line":24,"column":33}},"loc":{"start":{"line":24,"column":40},"end":{"line":24,"column":63}},"line":24},"2":{"name":"(anonymous_2)","decl":{"start":{"line":42,"column":2},"end":{"line":42,"column":3}},"loc":{"start":{"line":42,"column":38},"end":{"line":48,"column":3}},"line":42},"3":{"name":"(anonymous_3)","decl":{"start":{"line":47,"column":25},"end":{"line":47,"column":26}},"loc":{"start":{"line":47,"column":30},"end":{"line":47,"column":61}},"line":47}},"branchMap":{"0":{"loc":{"start":{"line":19,"column":6},"end":{"line":21,"column":7}},"type":"if","locations":[{"start":{"line":19,"column":6},"end":{"line":21,"column":7}},{"start":{},"end":{}}],"line":19},"1":{"loc":{"start":{"line":25,"column":6},"end":{"line":28,"column":7}},"type":"if","locations":[{"start":{"line":25,"column":6},"end":{"line":28,"column":7}},{"start":{},"end":{}}],"line":25}},"s":{"0":1,"1":7,"2":7,"3":7,"4":7,"5":7,"6":6,"7":1,"8":5,"9":5,"10":13,"11":5,"12":0,"13":0,"14":5,"15":2,"16":2,"17":11,"18":11,"19":11,"20":11,"21":11,"22":220},"f":{"0":7,"1":13,"2":11,"3":220},"b":{"0":[1,5],"1":[0,5]},"_coverageSchema":"1a1c01bbd47fc00a2c39e90264f33305004495a9","hash":"790f274016836a20d898939858675296b3d2a33c"}
,"C:\\Users\\USER\\OneDrive\\Escritorio\\full stack\\password\\src\\utils\\leetSpeak.js": {"path":"C:\\Users\\USER\\OneDrive\\Escritorio\\full stack\\password\\src\\utils\\leetSpeak.js","statementMap":{"0":{"start":{"line":1,"column":17},"end":{"line":8,"column":3}},"1":{"start":{"line":12,"column":23},"end":{"line":12,"column":25}},"2":{"start":{"line":15,"column":8},"end":{"line":18,"column":9}},"3":{"start":{"line":16,"column":10},"end":{"line":16,"column":33}},"4":{"start":{"line":17,"column":10},"end":{"line":17,"column":17}},"5":{"start":{"line":20,"column":21},"end":{"line":20,"column":46}},"6":{"start":{"line":21,"column":27},"end":{"line":21,"column":51}},"7":{"start":{"line":23,"column":8},"end":{"line":25,"column":11}},"8":{"start":{"line":24,"column":10},"end":{"line":24,"column":60}},"9":{"start":{"line":28,"column":6},"end":{"line":28,"column":31}},"10":{"start":{"line":29,"column":6},"end":{"line":29,"column":22}},"11":{"start":{"line":33,"column":32},"end":{"line":33,"column":54}},"12":{"start":{"line":34,"column":6},"end":{"line":36,"column":8}},"13":{"start":{"line":35,"column":8},"end":{"line":35,"column":59}}},"fnMap":{"0":{"name":"(anonymous_0)","decl":{"start":{"line":11,"column":4},"end":{"line":11,"column":5}},"loc":{"start":{"line":11,"column":36},"end":{"line":30,"column":5}},"line":11},"1":{"name":"generateRecursive","decl":{"start":{"line":14,"column":15},"end":{"line":14,"column":32}},"loc":{"start":{"line":14,"column":49},"end":{"line":26,"column":7}},"line":14},"2":{"name":"(anonymous_2)","decl":{"start":{"line":23,"column":27},"end":{"line":23,"column":28}},"loc":{"start":{"line":23,"column":40},"end":{"line":25,"column":9}},"line":23},"3":{"name":"(anonymous_3)","decl":{"start":{"line":32,"column":4},"end":{"line":32,"column":5}},"loc":{"start":{"line":32,"column":55},"end":{"line":37,"column":5}},"line":32},"4":{"name":"(anonymous_4)","decl":{"start":{"line":34,"column":59},"end":{"line":34,"column":60}},"loc":{"start":{"line":35,"column":8},"end":{"line":35,"column":59}},"line":35}},"branchMap":{"0":{"loc":{"start":{"line":15,"column":8},"end":{"line":18,"column":9}},"type":"if","locations":[{"start":{"line":15,"column":8},"end":{"line":18,"column":9}},{"start":{},"end":{}}],"line":15},"1":{"loc":{"start":{"line":21,"column":27},"end":{"line":21,"column":51}},"type":"binary-expr","locations":[{"start":{"line":21,"column":27},"end":{"line":21,"column":41}},{"start":{"line":21,"column":45},"end":{"line":21,"column":51}}],"line":21}},"s":{"0":1,"1":3,"2":103,"3":18,"4":18,"5":85,"6":85,"7":85,"8":100,"9":3,"10":3,"11":2,"12":2,"13":16},"f":{"0":3,"1":103,"2":100,"3":2,"4":16},"b":{"0":[18,85],"1":[85,50]},"_coverageSchema":"1a1c01bbd47fc00a2c39e90264f33305004495a9","hash":"1dddc7d712e8149ecae8d274edd1f09a37aec896"}
,"C:\\Users\\USER\\OneDrive\\Escritorio\\full stack\\password\\src\\utils\\stringUtils.js": {"path":"C:\\Users\\USER\\OneDrive\\Escritorio\\full stack\\password\\src\\utils\\stringUtils.js","statementMap":{"0":{"start":{"line":2,"column":4},"end":{"line":2,"column":57}}},"fnMap":{"0":{"name":"escapeRegExp","decl":{"start":{"line":1,"column":16},"end":{"line":1,"column":28}},"loc":{"start":{"line":1,"column":37},"end":{"line":3,"column":3}},"line":1}},"branchMap":{},"s":{"0":3},"f":{"0":3},"b":{},"_coverageSchema":"1a1c01bbd47fc00a2c39e90264f33305004495a9","hash":"34077e8be4fc2ae0f3f30a55546dc0a52cdc56a7"}
}
