{"C:\\Users\\USER\\OneDrive\\Escritorio\\full stack\\password\\src\\utils\\stringUtils.js": {"path":"C:\\Users\\USER\\OneDrive\\Escritorio\\full stack\\password\\src\\utils\\stringUtils.js","statementMap":{"0":{"start":{"line":3,"column":4},"end":{"line":3,"column":57}}},"fnMap":{"0":{"name":"escapeRegExp","decl":{"start":{"line":2,"column":16},"end":{"line":2,"column":28}},"loc":{"start":{"line":2,"column":37},"end":{"line":4,"column":3}},"line":2}},"branchMap":{},"s":{"0":3},"f":{"0":3},"b":{},"_coverageSchema":"1a1c01bbd47fc00a2c39e90264f33305004495a9","hash":"538627517f35861428645b9efbfbc054b19cfa9b"}
}
