TN:
SF:src\services\haveibeenpwned.js
FN:12,(anonymous_0)
FN:24,(anonymous_1)
FN:42,(anonymous_2)
FN:47,(anonymous_3)
FNF:4
FNH:4
FNDA:5,(anonymous_0)
FNDA:10,(anonymous_1)
FNDA:9,(anonymous_2)
FNDA:180,(anonymous_3)
DA:4,1
DA:13,5
DA:14,5
DA:15,5
DA:16,5
DA:18,5
DA:19,4
DA:20,0
DA:23,4
DA:24,10
DA:25,4
DA:26,0
DA:27,0
DA:30,4
DA:32,1
DA:33,1
DA:43,9
DA:44,9
DA:45,9
DA:46,9
DA:47,180
LF:21
LH:18
BRDA:19,0,0,0
BRDA:19,0,1,4
BRDA:25,1,0,0
BRDA:25,1,1,4
BRF:4
BRH:2
end_of_record
TN:
SF:src\utils\leetSpeak.js
FN:11,(anonymous_0)
FN:14,generateRecursive
FN:23,(anonymous_2)
FN:32,(anonymous_3)
FN:34,(anonymous_4)
FNF:5
FNH:5
FNDA:3,(anonymous_0)
FNDA:103,generateRecursive
FNDA:100,(anonymous_2)
FNDA:2,(anonymous_3)
FNDA:16,(anonymous_4)
DA:1,1
DA:12,3
DA:15,103
DA:16,18
DA:17,18
DA:20,85
DA:21,85
DA:23,85
DA:24,100
DA:28,3
DA:29,3
DA:33,2
DA:34,2
DA:35,16
LF:14
LH:14
BRDA:15,0,0,18
BRDA:15,0,1,85
BRDA:21,1,0,85
BRDA:21,1,1,50
BRF:4
BRH:4
end_of_record
TN:
SF:src\utils\stringUtils.js
FN:1,escapeRegExp
FNF:1
FNH:1
FNDA:3,escapeRegExp
DA:2,3
LF:1
LH:1
BRF:0
BRH:0
end_of_record
